[    0.000000] Linux version 4.15.0-64-generic (buildd@lgw01-amd64-038) (gcc version 7.4.0 (Ubuntu 7.4.0-1ubuntu1~18.04.1)) #73-Ubuntu SMP Thu Sep 12 13:16:13 UTC 2019 (Ubuntu 4.15.0-64.73-generic 4.15.18)
[    0.000000] Command line: BOOT_IMAGE=/boot/vmlinuz-4.15.0-64-generic root=UUID=a5eb06e2-8eb1-4232-8570-2cc927993946 ro console=tty1 console=ttyS0
[    0.000000] KERNEL supported cpus:
[    0.000000]   Intel GenuineIntel
[    0.000000]   AMD AuthenticAMD
[    0.000000]   Centaur CentaurHauls
[    0.000000] x86/fpu: Supporting XSAVE feature 0x001: 'x87 floating point registers'
[    0.000000] x86/fpu: Supporting XSAVE feature 0x002: 'SSE registers'
[    0.000000] x86/fpu: Supporting XSAVE feature 0x004: 'AVX registers'
[    0.000000] x86/fpu: xstate_offset[2]:  576, xstate_sizes[2]:  256
[    0.000000] x86/fpu: Enabled xstate features 0x7, context size is 832 bytes, using 'standard' format.
[    0.000000] e820: BIOS-provided physical RAM map:
[    0.000000] BIOS-e820: [mem 0x0000000000000000-0x000000000009fbff] usable
[    0.000000] BIOS-e820: [mem 0x000000000009fc00-0x000000000009ffff] reserved
[    0.000000] BIOS-e820: [mem 0x00000000000f0000-0x00000000000fffff] reserved
[    0.000000] BIOS-e820: [mem 0x0000000000100000-0x000000003ffeffff] usable
[    0.000000] BIOS-e820: [mem 0x000000003fff0000-0x000000003fffffff] ACPI data
[    0.000000] BIOS-e820: [mem 0x00000000fec00000-0x00000000fec00fff] reserved
[    0.000000] BIOS-e820: [mem 0x00000000fee00000-0x00000000fee00fff] reserved
[    0.000000] BIOS-e820: [mem 0x00000000fffc0000-0x00000000ffffffff] reserved
[    0.000000] NX (Execute Disable) protection: active
[    0.000000] SMBIOS 2.5 present.
[    0.000000] DMI: innotek GmbH VirtualBox/VirtualBox, BIOS VirtualBox 12/01/2006
[    0.000000] Hyprvisor detected: KVM
[    0.000000] e820: last_pfn = 0x3fff0 max_arch_pfn = 0x400000000
[    0.000000] MTRR: Disabled
[    0.000000] x86/PAT: MTRRs disabled, skipping PAT initialization too.
[    0.000000] CPU MTRRs all blank - virtualized system.
[    0.000000] x86/PAT: Configuration [0-7]: WB  WT  UC- UC  WB  WT  UC- UC  
[    0.000000] found SMP MP-table at [mem 0x0009fff0-0x0009ffff]
[    0.000000] Scanning 1 areas for low memory corruption
[    0.000000] RAMDISK: [mem 0x35981000-0x36cb7fff]
[    0.000000] ACPI: Early table checksum verification disabled
[    0.000000] ACPI: RSDP 0x00000000000E0000 000024 (v02 VBOX  )
[    0.000000] ACPI: XSDT 0x000000003FFF0030 00003C (v01 VBOX   VBOXXSDT 00000001 ASL  00000061)
[    0.000000] ACPI: FACP 0x000000003FFF00F0 0000F4 (v04 VBOX   VBOXFACP 00000001 ASL  00000061)
[    0.000000] ACPI: DSDT 0x000000003FFF0470 0021FF (v02 VBOX   VBOXBIOS 00000002 INTL 20100528)
[    0.000000] ACPI: FACS 0x000000003FFF0200 000040
[    0.000000] ACPI: FACS 0x000000003FFF0200 000040
[    0.000000] ACPI: APIC 0x00000003FFF0240 00005C (v02 VBOX   VBOXAPIC 00000001 ASL  00000061)
[    0.000000] ACPI: SSDT 0x000000003FFF02A0 0001CC (v01 VBOX   VBOXCPUT 00000002 INTL 20100528)
[    0.000000] No NUMA configuration found
[    0.000000] Faking a node at [mem 0x0000000000000000-0x000000003ffeffff]
[    0.000000] NODE_DATA(0) allocated [mem 0x3ffc5000-0x3ffeffff]
[    0.000000] kvm-clock: cpu 0, msr 0:3ff44001, primary cpu clock
[    0.000000] kvm-clock: Using msrs 4b564d01 and 4b564d00
[    0.000000] kvm-clock: using sched offset of 4216091997 cycles
[    0.000000] clocksource: kvm-clock: mask: 0xffffffffffffffff max_cycles: 0x1cd42e4dffb, max_idle_ns: 881590591483 ns
[    0.000000] one rages:
[    0.000000]   DMA      [mem 0x0000000000001000-0x0000000000ffffff]
[    0.000000]   DMA32    [mem 0x0000000001000000-0x000000003ffeffff]
[    0.000000]   Normal   empty
[    0.000000]   Device   empty
[    0.000000] Movable zone start for each node
[    0.000000] Early memory node ranges
[    0.000000]   node   0: [mem 0x0000000000001000-0x000000000009efff]
[    0.000000]   node   0: [mem 0x0000000000100000-0x000000003ffeffff]
[    0.000000] Reserved but unavailable: 98 pages
[    0.000000] Initmem setup node 0 [mem 0x0000000000001000-0x000000003ffeffff]
[    0.000000] ACPI: PM-Timer IO Port: 0x4008
[    0.000000] IOAPIC[0]: apic_id 2, version 32, address 0xfec00000, GSI 0-23
[    0.000000] ACPI: INT_SRC_OVR (bus 0 bus_irq 0 global_irq 2 dfl dfl)
[    0.000000] ACPI: INT_SRC_OVR (bus 0 bus_irq 9 global_irq 9 low level)
[    0.000000] Using ACPI (MADT) for SMP configuration information
[    0.000000] smpboot: Allowing 2 CPUs, 0 hotplug CPUs
[    0.000000] PM: Registered nosave memory: [mem 0x00000000-0x00000fff]
[    0.000000] PM: Registered nosave memory: [mem 0x0009f000-0x0009ffff]
[    0.000000] PM: Registered nosave memory: [mem 0x000a0000-0x000effff]
[    0.000000] PM: Registered nosave memory: [mem 0x000f0000-0x000fffff]
[    0.000000] e820: [mem 0x40000000-0xfebfffff] available for PCI devices
[    0.000000] Booting paravirtualized kernel on KVM
[    0.000000] clocksource: refined-jiffies: mask: 0xffffffff max_cycles: 0xffffffff, max_idle_ns: 7645519600211568 ns
[    0.000000] random: get_random_bytes called from start_kernel+0x99/0x4fd with crng_init=0
[    0.000000] setup_percpu: NR_CPUS:8192 nr_cpumask_bits:2 nr_cpu_ids:2 nr_node_ids:1
[    0.000000] percpu: Embedded 46 pages/cpu s151552 r8192 d28672 u1048576
[    0.000000] PV qspinlock hash table entries: 256 (order: 0, 4096 bytes)
[    0.000000] Built 1 zonelists, mobility grouping on.  Total pages: 257913
[    0.000000] Policy zone: DMA32
[    0.000000] Kernel command line: BOOT_IMAGE=/boot/vmlinuz-4.15.0-64-generic root=UUID=a5eb06e2-8eb1-4232-8570-2cc927993946 ro console=tty1 console=ttyS0
[    0.000000] Memory: 982908K/1048120K available (12300K kernel code, 2481K rwdata, 4172K rodata, 2436K init, 2384K bss, 65212K reserved, 0K cma-reserved)
[    0.000000] SLUB: HWalign=64, Order=0-3, MinObjects=0, CPUs=2, Nodes=1
[    0.000000] Kernel/User page tables isolation: enabled
[    0.000000] ftrace: allocating 39306 entries in 154 pages
[    0.004000] Hierarchical RCU implementation.
[    0.004000] 	RCU restricting CPUs from NR_CPUS=8192 to nr_cpu_ids=2.
[    0.004000] 	Tasks RCU enabled.
[    0.004000] RCU: Adjusting geometry for rcu_fanout_leaf=16, nr_cpu_ids=2
[    0.004000] NR_IRQS: 524544, nr_irqs: 440, preallocated irqs: 16
[    0.004000] Console: colour VGA+ 80x25
[    0.004000] console [tty1] enabled
[    0.004000] console [ttyS0] enabled
[    0.004000] ACPI: Core revision 20170831
[    0.004000] ACPI: 2 ACPI AML tables successfully acquired and loaded
[    0004000] APIC: Switch to symmetric I/O mode setup
[    0.004499] x2apic enabled

[    0.005735] Switched APIC routing to physical x2apic.
[    0.011040] ..TIMER: vector=0x30 apic1=0 pin1=2 apic2=-1 pin2=-1
[    0.012006] tsc: Detected 2712.000 MHz processor
[    0.013449] Calibrating delay loop (skipped) preset value.. 5424.00 BogoMIPS (lpj=10848000)
[    0.016004] pid_max: default: 32768 minimum: 301
[    0.017474] Security Framework initialized
[    0.020003] Yama: becoming mindful.
[    0.021153] AppArmor: AppArmor initialized
[    0.024055] Dentry cache hash table entries: 131072 (order: 8, 1048576 bytes)
[    0.028073] Inode-cache hash table entries: 65536 (order: 7, 524288 bytes)
[    0.030143] Mount-cache hash table entries: 2048 (order: 2, 16384 bytes)
[    0.032007] Mountpoint-cache hash table entries: 2048 (order: 2, 16384 bytes)
[    0.034478] Last level iTLB entries: 4KB 64, 2MB 8, 4MB 8
[    0.036003] Last level dTLB entries: 4KB 64, 2MB 0, 4MB 0, 1GB 4
[    0.037833] Spectre V1 : Mitigation: usercopy/swapgs barriers and __user pointer sanitization
[    0.040007] Spectre V2 : Mitigation: Full generic retpoline
[    0.041423] Spectre V2 : Spectre v2 / SpectreRSB mitigation: Filling RSB on context switch
[    0.044003] Speculative Store Bypass: Vulnerable
[    0.045270] MDS: Vulnerable: Clear CPU buffers attempted, no microcode
[    0.048150] Freeing SMP alternatives memory: 36K
[    0.052000] smpboot: CPU0: Intel(R) Core(TM) i5-7200U CPU @ 2.50GHz (family: 0x6, model: 0x8e, stepping: 0x9)
[    0.052000] Performance Events: unsupported p6 CPU model 142 no PMU driver, software events only.
[    0.052067] Hierarchical SRCU implementation.
[    0.054166] NMI watchdog: Perf event create on CPU 0 failed with -2
[    0.056006] NMI watchdog: Perf NMI watchdog permanently disabled
[    0.057919] smp: Bringing up secondary CPUs ...
[    0.060093] x86: Booting SMP configuration:
[    0.061484] .... node  #0, CPUs:      #1
[    0.004000] kvm-clock: cpu 1, msr 0:3ff44041, secondary cpu clock
[    0.066378] smp: Brought up 1 node, 2 CPUs
[    0.066378] smpboot: Max logical packages: 1
[    0.068008] smpboot: Total of 2 processors activated (10848.00 BogoMIPS)
[    0.072196] devtmpfs: initialized
[    0.073187] x86/mm: Memory block size: 128MB
[    0.074729] evm: security.selinux
[    0.076004] evm: security.SMACK64
[    0.077098] evm: security.SMACK64EXEC
[    0.078123] evm: security.SMACK64TRANSMUTE
[    0.080004] evm: security.SMACK64MMAP
[    0.081008] evm: security.apparmor
[    0.081977] evm: security.ima
[    0.082854] evm: security.capability
[    0.084143] clocksource: jiffies: mask: 0xffffffff max_cycles: 0xffffffff, max_idle_ns: 7645041785100000 ns
[    0.086779] futex hash table entries: 512 (order: 3, 32768 bytes)
[    0.092027] pinctrl core: initialized pinctrl subsystem
[    0.093319] RTC time: 11:56:55, date: 09/30/19
[    0.094911] NET: Registered protocol family 16
[    0.096132] audit: initializing netlink subsys (disabled)
[    0.100049] audit: type=2000 audit(1569844621.100:1): state=initialized audit_enabled=0 res=1
[    0.104013] cpuidle: using governor ladder
[    0.105354] cpuidle: using governor menu
[    0.106699] ACPI: bus type PCI registered
[    0.108005] acpiphp: ACPI Hot Plug PCI Controller Driver version: 0.5
[    0.110111] PCI: Using configuration type 1 for base access
[    0.113207] HugeTLB registered 2.00 MiB page size, pre-allocated 0 pages
[    0.116092] ACPI: Added _OSI(Module Device)
[    0.117463] ACPI: Added _OSI(Processor Device)
[    0.118955] ACPI: Added _OSI(3.0 _SCP Extensions)
[    0.120007] ACPI: Added _OSI(Processor Aggregator Device)
[    0.121714] ACPI: Added _OSI(Linux-Dell-Video)
[    0.123156] ACPI: Added _OSI(Linux-Lenovo-NV-HDMI-Audio)
[    0.124005] ACPI: Added _OSI(Linux-HPI-Hybrid-Graphics)
[    0.125827] ACPI: Executed 1 blocks of module-level executable AML code
[    0.133793] ACPI: Interpreter enabled
[    0.134739] ACPI: (supports S0 S5)
[    0.136003] ACPI: Using IOAPIC for interrupt routing
[    0.137826] PCI: Using host bridge windows from ACPI; if necessary, use "pci=nocrs" and report a bug
[    0.140217] ACPI: Enabled 2 GPEs in block 00 to 07
[    0.152129] ACPI: PCI Root Bridge [PCI0] (domain 0000 [bus 00-ff])
[    0.153497] acpi PNP0A03:00: _OSC: OS supports [ASPM ClockPM Segments MSI]
[    0.155281] acpi PNP0A03:00: _OSC: not requesting OS control; OS requires [ExtendedConfig ASPM ClockPM MSI]
[    0.156020] acpi PNP0A03:00: fail to add MMCONFIG information, can't access extended PCI configuration space under this bridge.
[    0.161238] PCI host bridge to bus 0000:00
[    0.162385] pci_bus 0000:00: root bus resource [io  0x0000-0x0cf7 window]
[    0.164006] pci_bus 0000:00: root bus resource [io  0x0d00-0xffff window]
[    0.168011] pci_bus 0000:00: root bus resource [mem 0x000a0000-0x000bffff window]
[    0.169925] pci_bus 0000:00: root bus resource [mem 0x40000000-0xfdffffff window]
[    0.172008] pci_bus 0000:00: root bus resource [bus 00-ff]
[    0.177977] pci 0000:00:01.1: legacy IDE quirk: reg 0x10: [io  0x01f0-0x01f7]
[    0.180000] pci 0000:00:01.1: legacy IDE quirk: reg 0x14: [io  0x03f6]
[    0.180005] pci 0000:00:01.1: legacy IDE quirk: reg 0x18: [io  0x0170-0x0177]
[    0.182203] pci 0000:00:01.1: legacy IDE quirk: reg 0x1c: [io  0x0376]
[    0.204681] pci 0000:00:07.0: quirk: [io  0x4000-0x403f] claimed by PIIX4 ACPI
[    0.207043] pci 0000:00:07.0: quirk: [io  0x4100-0x410f] claimed by PIIX4 SMB
[    0.222009] ACPI: PCI Interrupt Link [LNKA] (IRQs 5 9 10 *11)
[    0.223986] ACPI: PCI Interrupt Link [LNKB] (IRQs 5 9 *10 11)
[    0.224156] ACPI: PCI Interrupt Link [LNKC] (IRQs 5 *9 10 11)
[    0.226002] ACPI: PCI Interrupt Link [LNKD] (IRQs 5 9 10 *11)
[    0.228597] SCSI subsystem initialized
[    0.229751] pci 0000:00:02.0: vgaarb: setting as boot VGA device
[    0.229751] pci 0000:00:02.0: vgaarb: VGA device added: decodes=io+mem,owns=io+mem,locks=none
[    0.232023] pci 0000:00:02.0: vgaarb: bridge control possible
[    0.236004] vgaarb: loaded
[    0.236967] ACPI: bus type USB registered
[    0.238283] usbcore: registered new interface driver usbfs
[    0.240017] usbcore: registered new interface driver hub
[    0.241680] usbcore: registered new device driver usb
[    0.244037] EDAC MC: Ver: 3.0.0
[    0.245369] PCI: Using ACPI for IRQ routing
[    0.245369] NetLabel: Initializing
[    0.252005] NetLabel:  domain hash size = 128
[    0.253410] NetLabel:  protocols = UNLABELED CIPSOv4 CALIPSO
[    0.256028] NetLabel:  unlabeled traffic allowed by default
[    0.260098] clocksource: Switched to clocksource kvm-clock
[    0.280896] VFS: Disk quotas dquot_6.6.0
[    0.281821] VFS: Dquot-cache hash table entries: 512 (order 0, 4096 bytes)
[    0.283360] AppArmor: AppArmor Filesystem Enabled
[    0.284862] pnp: PnP ACPI init
[    0.287102] pnp: PnP ACPI: found 3 devices
[    0.294031] clocksource: acpi_pm: mask: 0xffffff max_cycles: 0xffffff, max_idle_ns: 2085701024 ns
[    0.296055] NET: Registered protocol family 2
[    0.300775] TCP established hash table entries: 8192 (order: 4, 65536 bytes)
[    0.302727] TCP bind hash table entries: 8192 (order: 5, 131072 bytes)
[    0.304509] TCP: Hash tables configured (established 8192 bind 8192)
[    0.306264] UDP hash table entries: 512 (order: 2, 16384 bytes)
[    0.307910] UDP-Lite hash table entries: 512 (order: 2, 16384 bytes)
[    0.309704] NET: Registered protocol family 1
[    0.311134] pci 0000:00:00.0: Limiting direct PCI/PCI transfers
[    0.312917] pci 0000:00:01.0: Activating ISA DMA hang workarounds
[    0.314831] pci 0000:00:02.0: Video device with shadowed ROM at [mem 0x000c0000-0x000dffff]
[    0.317582] Unpacking initramfs...
[    0.685361] Freeing initrd memory: 19676K
[    0.715534] clocksource: tsc: mask: 0xffffffffffffffff max_cycles: 0x2717868ea45, max_idle_ns: 440795316085 ns
[    0.717773] platform rtc_cmos: registered platform RTC device (no PNP device found)
[    0.719563] Scanning for low memory corruption every 60 seconds
[    0.721514] Initialise system trusted keyrings
[    0.722498] Key type blacklist registered
[    0.723522] workingset: timestamp_bits=36 max_order=18 bucket_order=0
[    0.726052] zbud: loaded
[    0.727345] squashfs: version 4.0 (2009/01/31) Phillip Lougher
[    0.728889] fuse init (API version 7.26)
[    0.733665] Key type asymmetric registered
[    0.734612] Asymmetric key parser 'x509' registered
[    0.735741] Block layer SCSI generic (bsg) driver version 0.4 loaded (major 246)
[    0.737527] io scheduler noop registered
[    0.738455] io scheduler deadline registered
[    0.744938] io scheduler cfq registered (default)
[    0.767447] ACPI: AC Adapter [AC] (on-line)
[    0.768808] input: Power Button as /devices/LNXSYSTM:00/LNXPWRBN:00/input/input0
[    0.771084] ACPI: Power Button [PWRF]
[    0.772460] input: Sleep Button as /devices/LNXSYSTM:00/LNXSLPBN:00/input/input1
[    0.774827] ACPI: Sleep Button [SLPF]
[    0.776645] Serial: 8250/16550 driver, 32 ports, IRQ sharing enabled
[    0.778206] ACPI: Battery Slot [BAT0] (battery present)
[    0.809811] 00:02: ttyS0 at I/O 0x3f8 (irq = 4, base_baud = 115200) is a 16550A
[    0.813890] Linux agpgart interface v0.103
[    0.820120] loop: module loaded
[    0.821898] scsi host0: ata_piix
[    0.823207] scsi host1: ata_piix
[    0.824391] ata1: PATA max UDMA/33 cmd 0x1f0 ctl 0x3f6 bmdma 0xd000 irq 14
[    0.826630] ata2: PATA max UDMA/33 cmd 0x170 ctl 0x376 bmdma 0xd008 irq 15
[    0.864017] libphy: Fixed MDIO Bus: probed
[    0.865102] tun: Universal TUN/TAP device driver, 1.6
[    0.896259] PPP generic driver version 2.4.2
[    0.905005] ehci_hcd: USB 2.0 'Enhanced' Host Controller (EHCI) Driver
[    0.906481] ehci-pci: EHCI PCI platform driver
[    0.913862] ehci-platform: EHCI generic platform driver
[    0.943066] ohci_hcd: USB 1.1 'Open' Host Controller (OHCI) Driver
[    0.951240] ohci-pci: OHCI PCI platform driver
[    0.958700] ohci-platform: OHCI generic platform driver
[    0.989981] uhci_hcd: USB Universal Host Controller Interface driver
[    1.012749] i8042: PNP: PS/2 Controller [PNP0303:PS2K,PNP0f03:PS2M] at 0x60,0x64 irq 1,12
[    1.028463] serio: i8042 KBD port at 0x60,0x64 irq 1
[    1.029526] serio: i8042 AUX port at 0x60,0x64 irq 12
[    1.030676] mousedev: PS/2 mouse device common for all mice
[    1.032149] input: AT Translated Set 2 keyboard as /devices/platform/i8042/serio0/input/input2
[    1.034284] rtc_cmos rtc_cmos: rtc core: registered rtc_cmos as rtc0
[    1.035654] rtc_cmos rtc_cmos: alarms up to one day, 114 bytes nvram
[    1.037097] i2c /dev entries driver
[    1.055081] device-mapper: uevent: version 1.0.3
[    1.088586] device-mapper: ioctl: 4.37.0-ioctl (2017-09-20) initialised: dm-devel@redhat.com
[    1.090545] ledtrig-cpu: registered to indicate activity on CPUs
[    1.105035] NET: Registered protocol family 10
[    1.118325] Segment Routing with IPv6
[    1.132362] NET: Registered protocol family 17
[    1.140316] Key type dns_resolver registered
[    1.141494] mce: Using 0 MCE banks
[    1.142271] RAS: Correctable Errors collector initialized.
[    1.143404] sched_clock: Marking stable (1141402501, 0)->(1825921323, -684518822)
[    1.145558] registered taskstats version 1
[    1.160849] Loading compiled-in X.509 certificates
[    1.171945] Loaded X.509 cert 'Build time autogenerated kernel key: 9ff85db0b1f72c0c954e4d2eaca5a9366845820b'
[    1.181463] zswap: loaded using pool lzo/zbud
[    1.187359] Key type big_key registered
[    1.188684] Key type trusted registered
[    1.191874] Key type encrypted registered
[    1.193243] AppArmor: AppArmor sha1 policy hashing enabled
[    1.194992] ima: No TPM chip found, activating TPM-bypass! (rc=-19)
[    1.196956] ima: Allocated hash algorithm: sha1
[    1.198445] evm: HMAC attrs: 0x1
[    1.199859]   Magic number: 3:331:935
[    1.201068] rtc_cmos rtc_cmos: setting system clock to 2019-09-30 11:56:57 UTC (1569844617)
[    1.203750] BIOS EDD facility v0.16 2004-Jun-25, 0 devices found
[    1.205934] EDD information not available.
[    1.215807] Freeing unused kernel image memory: 2436K
[    1.236984] Write protecting the kernel read-only data: 20480k
[    1.250509] Freeing unused kernel image memory: 2008K
[    1.252775] Freeing unused kernel image memory: 1972K
[    1.264470] x86/mm: Checked W+X mappings: passed, no W+X pages found.
[    1.265780] x86/mm: Checking user space page tables
[    1.275098] x86/mm: Checked W+X mappings: passed, no W+X pages found.
Loading, please wait...
starting version 237
[    1.362349] e1000: Intel(R) PRO/1000 Network Driver - version 7.3.21-k8-NAPI
[    1.364599] e1000: Copyright (c) 1999-2006 Intel Corporation.
[    1.368589] Fusion MPT base driver 3.04.20
[    1.369959] Copyright (c) 1999-2008 LSI Corporation
[    1.379142] Fusion MPT SPI Host driver 3.04.20
[    1.394371] AVX2 version of gcm_enc/dec engaged.
[    1.401489] AES CTR mode by8 optimization enabled
[    1.579568] input: ImExPS/2 Generic Explorer Mouse as /devices/platform/i8042/serio1/input/input4
[    1.834035] e1000 0000:00:03.0 eth0: (PCI:33MHz:32-bit) 02:26:45:5c:bc:af
[    1.885038] e1000 0000:00:03.0 eth0: Intel(R) PRO/1000 Network Connection
[    1.900307] mptbase: ioc0: Initiating bringup
[    1.997253] ioc0: LSI53C1030 A0: Capabilities={Initiator}
[    2.257677] scsi host2: ioc0: LSI53C1030 A0, FwRev=00000000h, Ports=1, MaxQ=256, IRQ=20
[    2.458023] scsi 2:0:0:0: Direct-Access     VBOX     HARDDISK         1.0  PQ: 0 ANSI: 5
[    3.048309] scsi target2:0:0: Beginning Domain Validation
[    3.120371] scsi target2:0:0: Domain Validation skipping write tests
[    3.122415] scsi target2:0:0: Ending Domain Validation
[    3.124098] scsi target2:0:0: asynchronous
[    3.126053] scsi 2:0:1:0: Direct-Access     VBOX     HARDDISK         1.0  PQ: 0 ANSI: 5
[    3.408272] scsi target2:0:1: Beginning Domain Validation
[    3.433208] random: fast init done
[    3.441111] scsi target2:0:1: Domain Validation skipping write tests
[    3.443217] scsi target2:0:1: Ending Domain Validation
[    3.445065] scsi target2:0:1: asynchronous
[    3.452706] sd 2:0:0:0: Attached scsi generic sg0 type 0
[    3.452785] random: systemd-udevd: uninitialized urandom read (16 bytes read)
[    3.474807] random: systemd-udevd: uninitialized urandom read (16 bytes read)
[    3.476853] sd 2:0:0:0: [sda] 20971520 512-byte logical blocks: (10.7 GB/10.0 GiB)
[    3.477120] sd 2:0:1:0: Attached scsi generic sg1 type 0
[    3.480946] sd 2:0:0:0: [sda] Write Protect is off
[    3.482595] random: systemd-udevd: uninitialized urandom read (16 bytes read)
[    3.484383] e1000 0000:00:08.0 eth1: (PCI:33MHz:32-bit) 08:00:27:83:33:84
[    3.531239] e1000 0000:00:08.0 eth1: Intel(R) PRO/1000 Network Connection
[    3.539667] sd 2:0:1:0: [sdb] 20480 512-byte logical blocks: (10.5 MB/10.0 MiB)
[    3.542148] sd 2:0:0:0: [sda] Incomplete mode parameter data
[    3.543127] e1000 0000:00:03.0 enp0s3: renamed from eth0
[    3.550268] sd 2:0:0:0: [sda] Assuming drive cache: write through
[    3.550294] sd 2:0:1:0: [sdb] Write Protect is off
[    3.557267] sd 2:0:1:0: [sdb] Incomplete mode parameter data
[    3.560241] sd 2:0:1:0: [sdb] Assuming drive cache: write through
[    3.563399]  sda: sda1
[    3.572657] sd 2:0:0:0: [sda] Attached SCSI disk
[    3.574821] sd 2:0:1:0: [sdb] Attached SCSI disk
[    3.582365] e1000 0000:00:08.0 enp0s8: renamed from eth1
Begin: Loading essential drivers ... [    5.436415] raid6: sse2x1   gen()  9331 MB/s
[    5.484253] raid6: sse2x1   xor()  6629 MB/s
[    5.536032] raid6: sse2x2   gen() 11839 MB/s
[    5.592847] raid6: sse2x2   xor()  4790 MB/s
[    5.640382] raid6: sse2x4   gen()  7679 MB/s
[    5.688072] raid6: sse2x4   xor()  5182 MB/s
[    5.737033] raid6: avx2x1   gen() 11367 MB/s
[    5.784856] raid6: avx2x1   xor()  5265 MB/s
[    5.832697] raid6: avx2x2   gen() 14139 MB/s
[    5.880521] raid6: avx2x2   xor()  8413 MB/s
[    5.928367] raid6: avx2x4   gen() 16278 MB/s
[    5.976273] raid6: avx2x4   xor() 10332 MB/s
[    5.978345] raid6: using algorithm avx2x4 gen() 16278 MB/s
[    5.981016] raid6: .... xor() 10332 MB/s, rmw enabled
[    5.983338] raid6: using avx2x2 recovery algorithm
[    5.987775] xor: automatically using best checksumming function   avx       
[    6.001308] async_tx: api initialized (async)
done.
Begin: Running /scripts/init-premount ... done.
Begin: Mounting root file system ... Begin: Running /scripts/local-top ... done.
Begin: Running /scripts/local-premount ... [    6.128599] Btrfs loaded, crc32c=crc32c-intel
Scanning for Btrfs filesystems
done.
Warning: fsck not present, so skipping root file system
[    6.187310] EXT4-fs (sda1): mounted filesystem with ordered data mode. Opts: (null)
done.
Begin: Running /scripts/local-bottom ... done.
Begin: Running /scripts/init-bottom ... done.
[    6.475142] ip_tables: (C) 2000-2006 Netfilter Core Team
[    6.487927] systemd[1]: systemd 237 running in system mode. (+PAM +AUDIT +SELINUX +IMA +APPARMOR +SMACK +SYSVINIT +UTMP +LIBCRYPTSETUP +GCRYPT +GNUTLS +ACL +XZ +LZ4 +SECCOMP +BLKID +ELFUTILS +KMOD -IDN2 +IDN -PCRE2 default-hierarchy=hybrid)
[    6.494325] systemd[1]: Detected virtualization oracle.
[    6.496093] systemd[1]: Detected architecture x86-64.

Welcome to [1mUbuntu 18.04.2 LTS[0m!

[    6.505750] systemd[1]: Set hostname to <ubuntu-bionic>.
[    6.871231] systemd[1]: Created slice System Slice.
[[0;32m  OK  [0m] Created slice System Slice.
[    6.903897] systemd[1]: Listening on LVM2 poll daemon socket.
[[0;32m  OK  [0m] Listening on LVM2 poll daemon socket.
[    6.907979] systemd[1]: Created slice system-serial\x2dgetty.slice.
[[0;32m  OK  [0m] Created slice system-serial\x2dgetty.slice.
[    6.913249] systemd[1]: Listening on /dev/initctl Compatibility Named Pipe.
[[0;32m  OK  [0m] Listening on /dev/initctl Compatibility Named Pipe.
[    6.917027] systemd[1]: Listening on Syslog Socket.
[[0;32m  OK  [0m] Listening on Syslog Socket.
[    6.920383] systemd[1]: Created slice User and Session Slice.
[[0;32m  OK  [0m] Created slice User and Session Slice.
[[0;32m  OK  [0m] Started Forward Password Requests to Wall Directory Watch.
[[0;32m  OK  [0m] Listening on Network Service Netlink Socket.
[[0;32m  OK  [0m] Listening on Journal Socket (/dev/log).
[[0;32m  OK  [0m] Listening on Journal Socket.
         Mounting POSIX Message Queue File System...
         Starting Load Kernel Mo[    7.003978] Loading iSCSI transport class v2.0-870.
dules...
         Starting Set the consol[    7.019938] iscsi: registered transport (tcp)
e keyboard layout...
         Starting Uncomplicated firewall...
[[0;32m  OK  [0m] Reached target System Time Sy[    7.069777] iscsi: registered transport (iser)
nchronized.
[[0;32m  OK  [0m] Set up automount Arbitrary Executab…rmats File System Automount Point.
         Starting Remount Root and Kernel File Systems...
         Mounting Kernel Debug File System...
[[0;32m  OK  [0m] Listening on udev Kernel Socket.
[[0;32m  OK  [0[    7.126819] EXT4-fs (sda1): re-mounted. Opts: (null)
m] Listening on Journal Audit Socket.
         Starting Create list of required st…ce nodes for the current kernel...
         Mounting Huge Pages File System...
[[0;32m  OK  [0m] Reached target Swap.
[[0;32m  OK  [0m] Reached target Slices.
[[0;32m  OK  [0m] Listening on Device-mapper event daemon FIFOs.
         Starting Journal Service...
[[0;32m  OK  [0m] Listening on LVM2 metadata daemon socket.
         Starting Monitoring of LVM2 mirrors…ng dmeventd or progress polling...
[[0;32m  OK  [0m] Listening on udev Control Socket.
         Starting udev Coldplug all Devices...
[[0;32m  OK  [0m] Reached target User and Group Name Lookups.
[[0;32m  OK  [0m] Mounted POSIX Message Queue File System.
[[0;32m  OK  [0m] Started Load Kernel Modules.
[[0;32m  OK  [0m] Started Set the console keyboard layout.
[[0;32m  OK  [0m] Started Journal Service.
[[0;32m  OK  [0m] Started Uncomplicated firewall.
[[0;32m  OK  [0m] Started Remount Root and Kernel File Systems.
[[0;32m  OK  [0m] Mounted Kernel Debug File System.
[[0;32m  OK  [0m] Started Create list of required sta…vice nodes for the current kernel.
[[0;32m  OK  [0m] Mounted Huge Pages File System.
[[0;32m  OK  [0m] Started LVM2 metadata daemon.
         Starting Create Static Device Nodes in /dev...
         Starting Load/Save Random Seed...
         Starting Flush Journal to Persistent Storage...
         Starting Apply Kernel Variables...
         Mounting Kernel Configuration File System...
         Mounting FUSE Control File System...
[[0;32m  OK  [0m] Started Monitoring of LVM2 mirrors,…sing dmeventd or progress polling.
[[0;32m  OK  [0m] Started udev Coldplug all Devices.
[[0;32m  OK  [0m] Started Create Static Device Nodes in /dev.
[[0;32m  OK  [0m] Started Load/Save Random Seed.
[[0;32m  OK  [0m] Started Apply Kernel Variables.
[[0;32m  OK  [0m] Mounted Kernel Configuration File System.
[[0;32m  OK  [0m] Mounted FUSE Control File System.
         Starting udev Kernel Device Manager...
[[0;32m  OK  [0m] Reached target Local File Systems (Pre).
[[0;32m  OK  [0m] Reached target Local File Systems.
         Starting Set console font and keymap...
         Starting Tell Plymouth To Write Out Runtime Data...
         Starting AppArmor initialization...
         Starting ebtables ruleset management...
[[0;32m  OK  [0m] Started udev Kernel Device Manager.
[[0;32m  OK  [0m] Started Dispatch Password Requests to Console Directory Watch.
[[0;32m  OK  [0m] Reached target Local Encrypted Volumes.
[[0;32m  OK  [0m] Started Set console font and keymap.
[[0;32m  OK  [0m] Started Tell Plymouth To Write Out Runtime Data.
[[0;32m  OK  [0m] Found device /dev/ttyS0.
[[0;32m  OK  [0m] Started ebtables ruleset management.
[[0;32m  OK  [0m] Started Flush Journal to Persistent Storage.
         Starting Create Volatile Files and Directories...
[[0;32m  OK  [0m] Started Create Volatile Files and Directories.
         Starting Update UTMP about System Boot/Shutdown...
[[0;32m  OK  [0m] Listening on Load/Save RF Kill Switch Status /dev/rfkill Watch.
[[0;32m  OK  [0m] Started Update UTMP about System Boot/Shutdown.
[[0;32m  OK  [0m] Started AppArmor initialization.
         Starting Initial cloud-init job (pre-networking)...
[   10.334007] cloud-init[543]: Cloud-init v. 19.1-1-gbaa47854-0ubuntu1~18.04.1 running 'init-local' at Mon, 30 Sep 2019 11:57:06 +0000. Up 9.97 seconds.
[[0;32m  OK  [0m] Started Initial cloud-init job (pre-networking).
[[0;32m  OK  [0m] Reached target Network (Pre).
         Starting Network Service...
[[0;32m  OK  [0m] Started Network Service.
         Starting Network Name Resolution...
         Starting Wait for Network to be Configured...
[[0;32m  OK  [0m] Started Network Name Resolution.
[[0;32m  OK  [0m] Reached target Network.
[[0;32m  OK  [0m] Reached target Host and Network Name Lookups.
[[0;32m  OK  [0m] Started Wait for Network to be Configured.
         Starting Initial cloud-init job (metadata service crawler)...
[   13.611582] cloud-init[717]: Cloud-init v. 19.1-1-gbaa47854-0ubuntu1~18.04.1 running 'init' at Mon, 30 Sep 2019 11:57:09 +0000. Up 13.19 seconds.
[   13.688387] cloud-init[717]: ci-info: ++++++++++++++++++++++++++++++++++++++Net device info+++++++++++++++++++++++++++++++++++++++
[   13.702628] cloud-init[717]: ci-info: +--------+------+-----------------------------+---------------+--------+-------------------+
[   13.797047] cloud-init[717]: ci-info: | Device |  Up  |           Address           |      Mask     | Scope  |     Hw-Address    |
[   13.899792] cloud-init[717]: ci-info: +--------+------+-----------------------------+---------------+--------+-------------------+
[[   13.965440] cloud-init[717]: ci-info: | enp0s3 | True |          10.0.2.15          | 255.255.255.0 | global | 02:26:45:5c:bc:af |
[   13.965927] cloud-init[717]: ci-info: | enp0s3 | True |  fe80::26:45ff:fe5c:bcaf/64 |       .       |  link  | 02:26:45:5c:bc:af |
[0;32m  OK  [0m] Started Initial cloud-init job (metadata service crawler).
[   13.966085] cloud-init[717]: ci-info: | enp0s8 | True |        192.168.33.10        | 255.255.255.0 | global | 08:00:27:83:33:84 |
[[   14.058860] cloud-init[717]: ci-info: | enp0s8 | True | fe80::a00:27ff:fe83:3384/64 |       .       |  link  | 08:00:27:83:33:84 |
[   14.059083] cloud-init[717]: ci-info: |   lo   | True |          127.0.0.1          |   255.0.0.0   |  host  |         .         |
[   14.059695] cloud-init[717]: ci-info: |   lo   | True |           ::1/128           |       .       |  host  |         .         |
[   14.060552] cloud-init[717]: ci-info: +--------+------+-----------------------------+---------------+--------+-------------------+
[   14.061007] cloud-init[717]: ci-info: +++++++++++++++++++++++++++++Route IPv4 info+++++++++++++++++++++++++++++
[   14.061445] cloud-init[717]: ci-info: +-------+--------------+----------+-----------------+-----------+-------+
[   14.061972] cloud-init[717]: ci-info: | Route | Destination  | Gateway  |     Genmask     | Interface | Flags |
[   14.062642] cloud-init[717]: ci-info: +-------+--------------+----------+-----------------+-----------+-------+
[   14.063265] cloud-init[717]: ci-info: |   0   |   0.0.0.0    | 10.0.2.2 |     0.0.0.0     |   enp0s3  |   UG  |
[   14.063844] cloud-init[717]: ci-info: |   1   |   10.0.2.0   | 0.0.0.0  |  255.255.255.0  |   enp0s3  |   U   |
[   14.064598] cloud-init[717]: ci-info: |   2   |   10.0.2.2   | 0.0.0.0  | 255.255.255.255 |   enp0s3  |   UH  |
[   14.064892] cloud-init[717]: ci-info: |   3   | 192.168.33.0 | 0.0.0.0  |  255.255.255.0  |   enp0s8  |   U   |
[   14.065546] cloud-init[717]: ci-info: +-------+--------------+----------+-----------------+-----------+-------+
[   14.065807] cloud-init[717]: ci-info: +++++++++++++++++++Route IPv6 info+++++++++++++++++++
[   14.066247] cloud-init[717]: ci-info: +-------+-------------+---------+-----------+-------+
[   14.066664] cloud-init[717]: ci-info: | Route | Destination | Gateway | Interface | Flags |
[   14.066926] cloud-init[717]: ci-info: +-------+-------------+---------+-----------+-------+
[0;32m  OK  [0m] Reached target Network is Online.
[   14.067255] cloud-init[717]: ci-info: |   1   |  fe80::/64  |    ::   |   enp0s8  |   U   |
[[   14.205049] cloud-init[717]: ci-info: |   2   |  fe80::/64  |    ::   |   enp0s3  |   U   |
[   14.205419] cloud-init[717]: ci-info: |   4   |    local    |    ::   |   enp0s3  |   U   |
[   14.206297] cloud-init[717]: ci-info: |   5   |    local    |    ::   |   enp0s8  |   U   |
[   14.207006] cloud-init[717]: ci-info: |   6   |   ff00::/8  |    ::   |   enp0s8  |   U   |
[   14.207631] cloud-init[717]: ci-info: |   7   |   ff00::/8  |    ::   |   enp0s3  |   U   |
[   14.208946] cloud-init[717]: ci-info: +-------+-------------+---------+-----------+-------+
[0;32m  OK  [0m] Reached target Remote File Systems (Pre).
[[0;32m  OK  [0m] Reached target Remote File Systems.
         Starting Availability of block devices...
[[0;32m  OK  [0m] Reached target Cloud-config availability.
[[0;32m  OK  [0m] Reached target System Initialization.
[[0;32m  OK  [0m] Started ACPI Events Check.
[[0;32m  OK  [0m] Started Discard unused blocks once a week.
[[0;32m  OK  [0m] Listening on Open-iSCSI iscsid Socket.
[[0;32m  OK  [0m] Listening on D-Bus System Message Bus Socket.
         Starting LXD - unix socket.
[[0;32m  OK  [0m] Started Daily Cleanup of Temporary Directories.
[[0;32m  OK  [0m] Reached target Paths.
[[0;32m  OK  [0m] Started Message of the Day.
[[0;32m  OK  [0m] Listening on UUID daemon activation socket.
[[0;32m  OK  [0m] Listening on ACPID Listen Socket.
[[0;32m  OK  [0m] Started Daily apt download activities.
[[0;32m  OK  [0m] Started Daily apt upgrade and clean activities.
[[0;32m  OK  [0m] Reached target Timers.
         Starting Socket activation for snappy daemon.
[[0;32m  OK  [0m] Started Availability of block devices.
[[0;32m  OK  [0m] Listening on LXD - unix socket.
[[0;32m  OK  [0m] Listening on Socket activation for snappy daemon.
[[0;32m  OK  [0m] Reached target Sockets.
[[0;32m  OK  [0m] Reached target Basic System.
         Starting System Logging Service...
[[0;32m  OK  [0m] Started irqbalance daemon.
         Starting Login Service...
         Starting LSB: automatic crash report generation...
         Starting Dispatcher daemon for systemd-networkd...
         Starting Permit User Sessions...
         Starting OpenBSD Secure Shell server...
[[0;32m  OK  [0m] Started D-Bus System Message Bus.
[[0;32m  OK  [0m] Started Login Service.
[[0;32m  OK  [0m] Started Unattended Upgrades Shutdown.
[[0;32m  OK  [0m] Started Regular background program processing daemon.
         Starting Accounts Service...
[[0;32m  OK  [0m] Started FUSE filesystem for LXC.
[[0;32m  OK  [0m] Started Deferred execution scheduler.
         Starting Snappy daemon...
         Starting LSB: Record successful boot for GRUB...
         Starting vboxadd.service...
         Starting LXD - container startup/shutdown...
[[0;32m  OK  [0m] Started System Logging Service.
[[0;32m  OK  [0m] Started Permit User Sessions.
[[0;32m  OK  [0m] Started OpenBSD Secure Shell server.
         Starting Authorization Manager...
         Starting Terminate Plymouth Boot Screen...
         Starting Hold until boot process finishes up...
[[0;32m  OK  [0m] Started Hold until boot process finishes up.
[[0;32m  OK  [0m] Started Terminate Plymouth Boot Screen.
[[0;32m  OK  [0m] Started Serial Getty on ttyS0.
         Starting Set console scheme...
[[0;32m  OK  [0m] Started LSB: automatic crash report generation.
[[0;32m  OK  [0m] Started Authorization Manager.
[[0;32m  OK  [0m] Started Set console scheme.
[[0;32m  OK  [0m] Started Accounts Service.
[[0;32m  OK  [0m] Created slice system-getty.slice.
[[0;32m  OK  [0m] Started Getty on tty1.
[[0;32m  OK  [0m] Reached target Login Prompts.
[[0;32m  OK  [0m] Started Dispatcher daemon for systemd-networkd.
[[0;32m  OK  [0m] Started LSB: Record successful boot for GRUB.
[[0;32m  OK  [0m] Started Snappy daemon.
         Starting Wait until snapd is fully seeded...
[[0;32m  OK  [0m] Started LXD - container startup/shutdown.
[[0;32m  OK  [0m] Started Wait until snapd is fully seeded.
         Starting Apply the settings specified in cloud-config...
[[0;32m  OK  [0m] Created slice User Slice of vagrant.
         Starting User Manager for UID 1000...
[[0;32m  OK  [0m] Started Session 1 of user vagrant.
[[0;32m  OK  [0m] Started User Manager for UID 1000.
[   17.499931] cloud-init[1089]: Cloud-init v. 19.1-1-gbaa47854-0ubuntu1~18.04.1 running 'modules:config' at Mon, 30 Sep 2019 11:57:13 +0000. Up 16.98 seconds.
[[0;32m  OK  [0m] Started Apply the settings specified in cloud-config.
[[0;32m  OK  [0m] Started vboxadd.service.
         Starting vboxadd-service.service...
[[0;32m  OK  [0m] Started vboxadd-service.service.
[[0;32m  OK  [0m] Reached target Multi-User System.
         Starting Execute cloud user/final scripts...
[[0;32m  OK  [0m] Reached target Graphical Interface.
         Starting Update UTMP about System Runlevel Changes...
[[0;32m  OK  [0m] Started Update UTMP about System Runlevel Changes.
[   19.128900] cloud-init[1279]: Cloud-init v. 19.1-1-gbaa47854-0ubuntu1~18.04.1 running 'modules:final' at Mon, 30 Sep 2019 11:57:15 +0000. Up 18.90 seconds.
[   19.184702] cloud-init[1279]: Cloud-init v. 19.1-1-gbaa47854-0ubuntu1~18.04.1 finished at Mon, 30 Sep 2019 11:57:15 +0000. Datasource DataSourceNoCloud [seed=/dev/sdb][dsmode=net].  Up 19.11 seconds
[[0;32m  OK  [0m] Started Execute cloud user/final scripts.
[[0;32m  OK  [0m] Reached target Cloud-init target.

Ubuntu 18.04.2 LTS ubuntu-bionic ttyS0

ubuntu-bionic login:          Stopping User Manager f0         Stopping OpenBSD Secure Shell server...
         Stopping Regular background program processing daemon...
[[0;32m  OK  [0m] Stopped target Network is Online.
         Stopping vboxadd-service.service...
         Stopping Unattended Upgrades Shutdown...
         Stopping Accounts Service...
[[0;32m  OK  [0m] Unmounted /var/lib/lxcfs.
[[0;32m  OK  [0m] Stopped System Logging Service.
[[0;32m  OK  [0m] Stopped irqbalance daemon.
[[0;32m  OK  [0m] Stopped Dispatcher daemon for systemd-networkd.
[[0;32m  OK  [0m] Stopped Unattended Upgrades Shutdown.
[[0;32m  OK  [0m] Stopped Regular background program processing daemon.
[[0;32m  OK  [0m] Stopped Accounts Service.
[[0;32m  OK  [0m] Stopped Deferred execution scheduler.
[[0;32m  OK  [0m] Stopped OpenBSD Secure Shell server.
[[0;32m  OK  [0m] Stopped Authorization Manager.
[[0;32m  OK  [0m] Stopped Serial Getty on ttyS0.
[[0;32m  OK  [0m] Stopped Getty on tty1.
[[0;32m  OK  [0m] Stopped User Manager for UID 1000.
[[0;32m  OK  [0m] Stopped Availability of block devices.
[[0;32m  OK  [0m] Stopped D-Bus System Message Bus.
[[0;32m  OK  [0m] Stopped vboxadd-service.service.
[[0;32m  OK  [0m] Stopped FUSE filesystem for LXC.
[[0;32m  OK  [0m] Stopped Session 7 of user vagrant.
         Stopping vboxadd.service...
[[0;32m  OK  [0m] Removed slice User Slice of vagrant.
[[0;32m  OK  [0m] Removed slice system-getty.slice.
         Stopping Permit User Sessions...
[[0;32m  OK  [0m] Removed slice system-serial\x2dgetty.slice.
         Stopping Login Service...
[[0;32m  OK  [0m] Stopped Permit User Sessions.
[[0;32m  OK  [0m] Stopped target Network.
         Stopping Network Name Resolution...
[[0;32m  OK  [0m] Stopped Login Service.
[[0;32m  OK  [0m] Stopped LSB: Record successful boot for GRUB.
[[0;32m  OK  [0m] Stopped LXD - container startup/shutdown.
[[0;32m  OK  [0m] Stopped LSB: automatic crash report generation.
[[0;32m  OK  [0m] Stopped target Remote File Systems.
[[0;32m  OK  [0m] Stopped target Remote File Systems (Pre).
[[0;32m  OK  [0m] Stopped target User and Group Name Lookups.
[[0;32m  OK  [0m] Stopped Network Name Resolution.
         Stopping Network Service...
[[0;32m  OK  [0m] Stopped Network Service.
[[0;32m  OK  [0m] Stopped target Network (Pre).
[[0;32m  OK  [0m] Unmounted /vagrant.
[[0;32m  OK  [0m] Stopped vboxadd.service.
[[0;32m  OK  [0m] Stopped target Basic System.
[[0;32m  OK  [0m] Stopped target Sockets.
[[0;32m  OK  [0m] Closed ACPID Listen Socket.
[[0;32m  OK  [0m] Closed Open-iSCSI iscsid Socket.
[[0;32m  OK  [0m] Closed UUID daemon activation socket.
[[0;32m  OK  [0m] Closed Socket activation for snappy daemon.
[[0;32m  OK  [0m] Closed D-Bus System Message Bus Socket.
[[0;32m  OK  [0m] Closed Syslog Socket.
[[0;32m  OK  [0m] Closed LXD - unix socket.
[[0;32m  OK  [0m] Stopped target Slices.
[[0;32m  OK  [0m] Removed slice User and Session Slice.
[[0;32m  OK  [0m] Stopped target Paths.
[[0;32m  OK  [0m] Stopped ACPI Events Check.
[[0;32m  OK  [0m] Stopped target System Initialization.
         Stopping Update UTMP about System Boot/Shutdown...
[[0;32m  OK  [0m] Stopped target Local Encrypted Volumes.
[[0;32m  OK  [0m] Stopped Dispatch Password Requests to Console Directory Watch.
[[0;32m  OK  [0m] Stopped Forward Password Requests to Wall Directory Watch.
         Stopping Load/Save Random Seed...
[[0;32m  OK  [0m] Stopped Apply Kernel Variables.
[[0;32m  OK  [0m] Stopped Load Kernel Modules.
[[0;32m  OK  [0m] Stopped Initial cloud-init job (metadata service crawler).
[[0;32m  OK  [0m] Stopped Initial cloud-init job (pre-networking).
[[0;32m  OK  [0m] Stopped Load/Save Random Seed.
[[0;32m  OK  [0m] Stopped Update UTMP about System Boot/Shutdown.
[[0;32m  OK  [0m] Stopped Create Volatile Files and Directories.
[[0;32m  OK  [0m] Stopped target Local File Systems.
         Unmounting /run/user/1000...
[[0;32m  OK  [0m] Unmounted /run/user/1000.
[[0;32m  OK  [0m] Reached target Unmount All Filesystems.
[[0;32m  OK  [0m] Stopped target Swap.
[[0;32m  OK  [0m] Stopped target Local File Systems (Pre).
[[0;32m  OK  [0m] Stopped Remount Root and Kernel File Systems.
         Stopping Monitoring of LVM2 mirrors…ng dmeventd or progress polling...
[[0;32m  OK  [0m] Stopped Create Static Device Nodes in /dev.
[[0;32m  OK  [0m] Reached target Shutdown.
[[0;32m  OK  [0m] Reached target Final Step.
         Starting Power-Off...
[[0;32m  OK  [0m] Stopped Monitoring of LVM2 mirrors,…sing dmeventd or progress polling.
[ 5274.659228] reboot: Power down
